<?xml version="1.0" encoding="UTF-8"?>
<testsuite xmlns:xsi="http://www.w3.org/2001/XMLSchema-instance" xsi:noNamespaceSchemaLocation="https://maven.apache.org/surefire/maven-surefire-plugin/xsd/surefire-test-report.xsd" name="com.xiaoyue.AppTest" time="0.047" tests="1" errors="0" skipped="0" failures="0">
  <properties>
    <property name="sun.desktop" value="windows"/>
    <property name="awt.toolkit" value="sun.awt.windows.WToolkit"/>
    <property name="file.encoding.pkg" value="sun.io"/>
    <property name="java.specification.version" value="1.8"/>
    <property name="sun.cpu.isalist" value="amd64"/>
    <property name="sun.jnu.encoding" value="GBK"/>
    <property name="java.class.path" value="E:\Learing\IdeaProjects\taotao\taotao-manager\taotao-manager-service\target\test-classes;E:\Learing\IdeaProjects\taotao\taotao-manager\taotao-manager-service\target\classes;E:\Learing\IdeaProjects\taotao\taotao-manager\taotao-manager-mapper\target\taotao-manager-mapper.jar;E:\Learing\IdeaProjects\taotao\taotao-manager\taotao-manager-pojo\target\taotao-manager-pojo.jar;E:\repository\maven\org\mybatis\mybatis\3.2.8\mybatis-3.2.8.jar;E:\repository\maven\org\mybatis\mybatis-spring\1.2.2\mybatis-spring-1.2.2.jar;E:\repository\maven\com\github\miemiedev\mybatis-paginator\1.2.15\mybatis-paginator-1.2.15.jar;E:\repository\maven\com\github\pagehelper\pagehelper\3.4.2-fix\pagehelper-3.4.2-fix.jar;E:\repository\maven\com\github\jsqlparser\jsqlparser\0.9\jsqlparser-0.9.jar;E:\repository\maven\mysql\mysql-connector-java\5.1.32\mysql-connector-java-5.1.32.jar;E:\repository\maven\com\alibaba\druid\1.0.9\druid-1.0.9.jar;D:\JAVA\jdk1.8.0_172\jre\..\lib\jconsole.jar;D:\JAVA\jdk1.8.0_172\jre\..\lib\tools.jar;E:\repository\maven\org\springframework\spring-context\4.1.3.RELEASE\spring-context-4.1.3.RELEASE.jar;E:\repository\maven\org\springframework\spring-aop\4.1.3.RELEASE\spring-aop-4.1.3.RELEASE.jar;E:\repository\maven\aopalliance\aopalliance\1.0\aopalliance-1.0.jar;E:\repository\maven\org\springframework\spring-core\4.1.3.RELEASE\spring-core-4.1.3.RELEASE.jar;E:\repository\maven\commons-logging\commons-logging\1.2\commons-logging-1.2.jar;E:\repository\maven\org\springframework\spring-expression\4.1.3.RELEASE\spring-expression-4.1.3.RELEASE.jar;E:\repository\maven\org\springframework\spring-beans\4.1.3.RELEASE\spring-beans-4.1.3.RELEASE.jar;E:\repository\maven\org\springframework\spring-webmvc\4.1.3.RELEASE\spring-webmvc-4.1.3.RELEASE.jar;E:\repository\maven\org\springframework\spring-web\4.1.3.RELEASE\spring-web-4.1.3.RELEASE.jar;E:\repository\maven\org\springframework\spring-jdbc\4.1.3.RELEASE\spring-jdbc-4.1.3.RELEASE.jar;E:\repository\maven\org\springframework\spring-tx\4.1.3.RELEASE\spring-tx-4.1.3.RELEASE.jar;E:\repository\maven\org\springframework\spring-aspects\4.1.3.RELEASE\spring-aspects-4.1.3.RELEASE.jar;E:\repository\maven\org\aspectj\aspectjweaver\1.8.4\aspectjweaver-1.8.4.jar;E:\repository\maven\com\xiaoyue\common-utils\1.0-SNAPSHOT\common-utils-1.0-SNAPSHOT.jar;E:\repository\maven\joda-time\joda-time\2.5\joda-time-2.5.jar;E:\repository\maven\org\apache\commons\commons-lang3\3.3.2\commons-lang3-3.3.2.jar;E:\repository\maven\commons-io\commons-io\1.3.2\commons-io-1.3.2.jar;E:\repository\maven\commons-net\commons-net\3.3\commons-net-3.3.jar;E:\repository\maven\com\fasterxml\jackson\core\jackson-databind\2.4.2\jackson-databind-2.4.2.jar;E:\repository\maven\com\fasterxml\jackson\core\jackson-annotations\2.4.0\jackson-annotations-2.4.0.jar;E:\repository\maven\com\fasterxml\jackson\core\jackson-core\2.4.2\jackson-core-2.4.2.jar;E:\repository\maven\org\apache\httpcomponents\httpclient\4.3.5\httpclient-4.3.5.jar;E:\repository\maven\org\apache\httpcomponents\httpcore\4.3.2\httpcore-4.3.2.jar;E:\repository\maven\commons-codec\commons-codec\1.6\commons-codec-1.6.jar;E:\repository\maven\org\slf4j\slf4j-log4j12\1.7.25\slf4j-log4j12-1.7.25.jar;E:\repository\maven\javax\servlet\servlet-api\2.5\servlet-api-2.5.jar;E:\repository\maven\org\slf4j\slf4j-api\1.6.1\slf4j-api-1.6.1.jar;E:\repository\maven\log4j\log4j\1.2.16\log4j-1.2.16.jar;E:\repository\maven\jline\jline\0.9.94\jline-0.9.94.jar;E:\repository\maven\junit\junit\4.12\junit-4.12.jar;E:\repository\maven\org\hamcrest\hamcrest-core\1.3\hamcrest-core-1.3.jar;E:\repository\maven\org\apache\yetus\audience-annotations\0.5.0\audience-annotations-0.5.0.jar;E:\repository\maven\io\netty\netty\3.10.5.Final\netty-3.10.5.Final.jar;"/>
    <property name="java.vm.vendor" value="Oracle Corporation"/>
    <property name="sun.arch.data.model" value="64"/>
    <property name="user.variant" value=""/>
    <property name="java.vendor.url" value="http://java.oracle.com/"/>
    <property name="user.timezone" value=""/>
    <property name="java.vm.specification.version" value="1.8"/>
    <property name="os.name" value="Windows 7"/>
    <property name="user.country" value="CN"/>
    <property name="sun.java.launcher" value="SUN_STANDARD"/>
    <property name="sun.boot.library.path" value="D:\JAVA\jdk1.8.0_172\jre\bin"/>
    <property name="sun.java.command" value="C:\Users\ADMINI~1\AppData\Local\Temp\surefire4872066268236239879\surefirebooter2008978900345011092.jar C:\Users\Administrator\AppData\Local\Temp\surefire4872066268236239879 2018-08-23T17-43-05_506-jvmRun1 surefire948626519144863183tmp surefire_26349690901549604161tmp"/>
    <property name="surefire.test.class.path" value="E:\Learing\IdeaProjects\taotao\taotao-manager\taotao-manager-service\target\test-classes;E:\Learing\IdeaProjects\taotao\taotao-manager\taotao-manager-service\target\classes;E:\Learing\IdeaProjects\taotao\taotao-manager\taotao-manager-mapper\target\taotao-manager-mapper.jar;E:\Learing\IdeaProjects\taotao\taotao-manager\taotao-manager-pojo\target\taotao-manager-pojo.jar;E:\repository\maven\org\mybatis\mybatis\3.2.8\mybatis-3.2.8.jar;E:\repository\maven\org\mybatis\mybatis-spring\1.2.2\mybatis-spring-1.2.2.jar;E:\repository\maven\com\github\miemiedev\mybatis-paginator\1.2.15\mybatis-paginator-1.2.15.jar;E:\repository\maven\com\github\pagehelper\pagehelper\3.4.2-fix\pagehelper-3.4.2-fix.jar;E:\repository\maven\com\github\jsqlparser\jsqlparser\0.9\jsqlparser-0.9.jar;E:\repository\maven\mysql\mysql-connector-java\5.1.32\mysql-connector-java-5.1.32.jar;E:\repository\maven\com\alibaba\druid\1.0.9\druid-1.0.9.jar;D:\JAVA\jdk1.8.0_172\jre\..\lib\jconsole.jar;D:\JAVA\jdk1.8.0_172\jre\..\lib\tools.jar;E:\repository\maven\org\springframework\spring-context\4.1.3.RELEASE\spring-context-4.1.3.RELEASE.jar;E:\repository\maven\org\springframework\spring-aop\4.1.3.RELEASE\spring-aop-4.1.3.RELEASE.jar;E:\repository\maven\aopalliance\aopalliance\1.0\aopalliance-1.0.jar;E:\repository\maven\org\springframework\spring-core\4.1.3.RELEASE\spring-core-4.1.3.RELEASE.jar;E:\repository\maven\commons-logging\commons-logging\1.2\commons-logging-1.2.jar;E:\repository\maven\org\springframework\spring-expression\4.1.3.RELEASE\spring-expression-4.1.3.RELEASE.jar;E:\repository\maven\org\springframework\spring-beans\4.1.3.RELEASE\spring-beans-4.1.3.RELEASE.jar;E:\repository\maven\org\springframework\spring-webmvc\4.1.3.RELEASE\spring-webmvc-4.1.3.RELEASE.jar;E:\repository\maven\org\springframework\spring-web\4.1.3.RELEASE\spring-web-4.1.3.RELEASE.jar;E:\repository\maven\org\springframework\spring-jdbc\4.1.3.RELEASE\spring-jdbc-4.1.3.RELEASE.jar;E:\repository\maven\org\springframework\spring-tx\4.1.3.RELEASE\spring-tx-4.1.3.RELEASE.jar;E:\repository\maven\org\springframework\spring-aspects\4.1.3.RELEASE\spring-aspects-4.1.3.RELEASE.jar;E:\repository\maven\org\aspectj\aspectjweaver\1.8.4\aspectjweaver-1.8.4.jar;E:\repository\maven\com\xiaoyue\common-utils\1.0-SNAPSHOT\common-utils-1.0-SNAPSHOT.jar;E:\repository\maven\joda-time\joda-time\2.5\joda-time-2.5.jar;E:\repository\maven\org\apache\commons\commons-lang3\3.3.2\commons-lang3-3.3.2.jar;E:\repository\maven\commons-io\commons-io\1.3.2\commons-io-1.3.2.jar;E:\repository\maven\commons-net\commons-net\3.3\commons-net-3.3.jar;E:\repository\maven\com\fasterxml\jackson\core\jackson-databind\2.4.2\jackson-databind-2.4.2.jar;E:\repository\maven\com\fasterxml\jackson\core\jackson-annotations\2.4.0\jackson-annotations-2.4.0.jar;E:\repository\maven\com\fasterxml\jackson\core\jackson-core\2.4.2\jackson-core-2.4.2.jar;E:\repository\maven\org\apache\httpcomponents\httpclient\4.3.5\httpclient-4.3.5.jar;E:\repository\maven\org\apache\httpcomponents\httpcore\4.3.2\httpcore-4.3.2.jar;E:\repository\maven\commons-codec\commons-codec\1.6\commons-codec-1.6.jar;E:\repository\maven\org\slf4j\slf4j-log4j12\1.7.25\slf4j-log4j12-1.7.25.jar;E:\repository\maven\javax\servlet\servlet-api\2.5\servlet-api-2.5.jar;E:\repository\maven\org\slf4j\slf4j-api\1.6.1\slf4j-api-1.6.1.jar;E:\repository\maven\log4j\log4j\1.2.16\log4j-1.2.16.jar;E:\repository\maven\jline\jline\0.9.94\jline-0.9.94.jar;E:\repository\maven\junit\junit\4.12\junit-4.12.jar;E:\repository\maven\org\hamcrest\hamcrest-core\1.3\hamcrest-core-1.3.jar;E:\repository\maven\org\apache\yetus\audience-annotations\0.5.0\audience-annotations-0.5.0.jar;E:\repository\maven\io\netty\netty\3.10.5.Final\netty-3.10.5.Final.jar;"/>
    <property name="sun.cpu.endian" value="little"/>
    <property name="user.home" value="C:\Users\Administrator"/>
    <property name="user.language" value="zh"/>
    <property name="java.specification.vendor" value="Oracle Corporation"/>
    <property name="java.home" value="D:\JAVA\jdk1.8.0_172\jre"/>
    <property name="basedir" value="E:\Learing\IdeaProjects\taotao\taotao-manager\taotao-manager-service"/>
    <property name="file.separator" value="\"/>
    <property name="line.separator" value="&#10;"/>
    <property name="java.vm.specification.vendor" value="Oracle Corporation"/>
    <property name="java.specification.name" value="Java Platform API Specification"/>
    <property name="java.awt.graphicsenv" value="sun.awt.Win32GraphicsEnvironment"/>
    <property name="surefire.real.class.path" value="C:\Users\ADMINI~1\AppData\Local\Temp\surefire4872066268236239879\surefirebooter2008978900345011092.jar"/>
    <property name="sun.boot.class.path" value="D:\JAVA\jdk1.8.0_172\jre\lib\resources.jar;D:\JAVA\jdk1.8.0_172\jre\lib\rt.jar;D:\JAVA\jdk1.8.0_172\jre\lib\sunrsasign.jar;D:\JAVA\jdk1.8.0_172\jre\lib\jsse.jar;D:\JAVA\jdk1.8.0_172\jre\lib\jce.jar;D:\JAVA\jdk1.8.0_172\jre\lib\charsets.jar;D:\JAVA\jdk1.8.0_172\jre\lib\jfr.jar;D:\JAVA\jdk1.8.0_172\jre\classes"/>
    <property name="user.script" value=""/>
    <property name="sun.management.compiler" value="HotSpot 64-Bit Tiered Compilers"/>
    <property name="java.runtime.version" value="1.8.0_172-b11"/>
    <property name="user.name" value="Administrator"/>
    <property name="path.separator" value=";"/>
    <property name="os.version" value="6.1"/>
    <property name="java.endorsed.dirs" value="D:\JAVA\jdk1.8.0_172\jre\lib\endorsed"/>
    <property name="java.runtime.name" value="Java(TM) SE Runtime Environment"/>
    <property name="file.encoding" value="GBK"/>
    <property name="java.vm.name" value="Java HotSpot(TM) 64-Bit Server VM"/>
    <property name="localRepository" value="E:\repository\maven"/>
    <property name="java.vendor.url.bug" value="http://bugreport.sun.com/bugreport/"/>
    <property name="java.io.tmpdir" value="C:\Users\ADMINI~1\AppData\Local\Temp\"/>
    <property name="idea.version" value="2018.1.2"/>
    <property name="java.version" value="1.8.0_172"/>
    <property name="user.dir" value="E:\Learing\IdeaProjects\taotao\taotao-manager\taotao-manager-service"/>
    <property name="os.arch" value="amd64"/>
    <property name="java.vm.specification.name" value="Java Virtual Machine Specification"/>
    <property name="java.awt.printerjob" value="sun.awt.windows.WPrinterJob"/>
    <property name="sun.os.patch.level" value="Service Pack 1"/>
    <property name="java.library.path" value="D:\JAVA\jdk1.8.0_172\jre\bin;C:\windows\Sun\Java\bin;C:\windows\system32;C:\windows;D:\Python\Scripts\;D:\Python\;C:\Program Files (x86)\Common Files\Oracle\Java\javapath;C:\windows\system32;C:\windows;C:\windows\System32\Wbem;C:\windows\System32\WindowsPowerShell\v1.0\;D:\Tools\Git\cmd;D:\Tools\TortoiseGit\bin;D:\Nodejs\;C:\Program Files (x86)\MySQL\MySQL Utilities 1.6\;C:\Users\Administrator\AppData\Roaming\npm;."/>
    <property name="java.vm.info" value="mixed mode"/>
    <property name="java.vendor" value="Oracle Corporation"/>
    <property name="java.vm.version" value="25.172-b11"/>
    <property name="java.ext.dirs" value="D:\JAVA\jdk1.8.0_172\jre\lib\ext;C:\windows\Sun\Java\lib\ext"/>
    <property name="sun.io.unicode.encoding" value="UnicodeLittle"/>
    <property name="maven.repo.local" value="E:\repository\maven"/>
    <property name="java.class.version" value="52.0"/>
  </properties>
  <testcase name="shouldAnswerWithTrue" classname="com.xiaoyue.AppTest" time="0.001"/>
</testsuite>